#
# There is insufficient memory for the Java Runtime Environment to continue.
# Native memory allocation (mmap) failed to map 266338304 bytes for G1 virtual space
# Possible reasons:
#   The system is out of physical RAM or swap space
#   The process is running with CompressedOops enabled, and the Java Heap may be blocking the growth of the native heap
# Possible solutions:
#   Reduce memory load on the system
#   Increase physical memory or swap space
#   Check if swap backing store is full
#   Decrease Java heap size (-Xmx/-Xms)
#   Decrease number of Java threads
#   Decrease Java thread stack sizes (-Xss)
#   Set larger code cache with -XX:ReservedCodeCacheSize=
#   JVM is running with Zero Based Compressed Oops mode in which the Java heap is
#     placed in the first 32GB address space. The Java Heap base address is the
#     maximum limit for the native heap growth. Please use -XX:HeapBaseMinAddress
#     to set the Java Heap base and to place the Java Heap above 32GB virtual address.
# This output file may be truncated or incomplete.
#
#  Out of Memory Error (os_windows.cpp:3535), pid=20424, tid=16100
#
# JRE version:  (17.0.3+6) (build )
# Java VM: OpenJDK 64-Bit Server VM (17.0.3+6-LTS, mixed mode, emulated-client, sharing, tiered, compressed oops, compressed class ptrs, g1 gc, windows-amd64)
# No core dump will be written. Minidumps are not enabled by default on client versions of Windows
#

---------------  S U M M A R Y ------------

Command Line: -XX:TieredStopAtLevel=1 -Xverify:none -Dspring.output.ansi.enabled=always -javaagent:C:\Program Files\JetBrains\IntelliJ IDEA 2021.2.3\lib\idea_rt.jar=54257:C:\Program Files\JetBrains\IntelliJ IDEA 2021.2.3\bin -Dcom.sun.management.jmxremote -Dspring.jmx.enabled=true -Dspring.liveBeansView.mbeanDomain -Dspring.application.admin.enabled=true -Dfile.encoding=UTF-8 com.example.english4.English4Application

Host: Intel(R) Core(TM) i5-9500 CPU @ 3.00GHz, 6 cores, 15G,  Windows 10 , 64 bit Build 19041 (10.0.19041.1645)
Time: Mon May 23 19:52:59 2022  Windows 10 , 64 bit Build 19041 (10.0.19041.1645) elapsed time: 0.007611 seconds (0d 0h 0m 0s)

---------------  T H R E A D  ---------------

Current thread (0x00000213c8e13c90):  JavaThread "Unknown thread" [_thread_in_vm, id=16100, stack(0x0000009a87500000,0x0000009a87600000)]

Stack: [0x0000009a87500000,0x0000009a87600000]
Native frames: (J=compiled Java code, j=interpreted, Vv=VM code, C=native code)
V  [jvm.dll+0x645e5a]
V  [jvm.dll+0x7f6fc4]
V  [jvm.dll+0x7f877e]
V  [jvm.dll+0x7f8dd3]
V  [jvm.dll+0x234bb8]
V  [jvm.dll+0x642d9a]
V  [jvm.dll+0x637762]
V  [jvm.dll+0x2f2d09]
V  [jvm.dll+0x2f9ee6]
V  [jvm.dll+0x3459ea]
V  [jvm.dll+0x345c2f]
V  [jvm.dll+0x2c91a8]
V  [jvm.dll+0x2ca139]
V  [jvm.dll+0x7ca6e1]
V  [jvm.dll+0x352e01]
V  [jvm.dll+0x7aab0e]
V  [jvm.dll+0x3ce743]
V  [jvm.dll+0x3d0181]
C  [jli.dll+0x51af]
C  [ucrtbase.dll+0x21bb2]
C  [KERNEL32.DLL+0x17034]
C  [ntdll.dll+0x52651]


---------------  P R O C E S S  ---------------

Threads class SMR info:
_java_thread_list=0x00007ff85875d718, length=0, elements={
}

Java Threads: ( => current thread )

Other Threads:
  0x00000213c8e86060 GCTaskThread "GC Thread#0" [stack: 0x0000009a87600000,0x0000009a87700000] [id=19392]
  0x00000213c8e96c70 ConcurrentGCThread "G1 Main Marker" [stack: 0x0000009a87700000,0x0000009a87800000] [id=12232]
  0x00000213c8e97680 ConcurrentGCThread "G1 Conc#0" [stack: 0x0000009a87800000,0x0000009a87900000] [id=1120]

[error occurred during error reporting (printing all threads), id 0xc0000005, EXCEPTION_ACCESS_VIOLATION (0xc0000005) at pc=0x00007ff857f4a397]

VM state: not at safepoint (not fully initialized)

VM Mutex/Monitor currently owned by a thread:  ([mutex/lock_event])
[0x00000213c8e0fbb0] Heap_lock - owner thread: 0x00000213c8e13c90

Heap address: 0x0000000703200000, size: 4046 MB, Compressed Oops mode: Zero based, Oop shift amount: 3

CDS archive(s) mapped at: [0x0000000000000000-0x0000000000000000-0x0000000000000000), size 0, SharedBaseAddress: 0x0000000800000000, ArchiveRelocationMode: 0.
Narrow klass base: 0x0000000000000000, Narrow klass shift: 0, Narrow klass range: 0x0

GC Precious Log:
<Empty>

Heap:
 garbage-first heap   total 0K, used 0K [0x0000000703200000, 0x0000000800000000)
  region size 2048K, 0 young (0K), 0 survivors (0K)

[error occurred during error reporting (printing heap information), id 0xc0000005, EXCEPTION_ACCESS_VIOLATION (0xc0000005) at pc=0x00007ff85830d929]

GC Heap History (0 events):
No events

Deoptimization events (0 events):
No events

Classes unloaded (0 events):
No events

Classes redefined (0 events):
No events

Internal exceptions (0 events):
No events

VM Operations (0 events):
No events

Events (1 events):
Event: 0.005 Loaded shared library C:\Users\Administrator\.jdks\corretto-17.0.3\bin\java.dll


Dynamic libraries:
0x00007ff79ff90000 - 0x00007ff79ff9d000 	C:\Users\Administrator\.jdks\corretto-17.0.3\bin\java.exe
0x00007ff88ff90000 - 0x00007ff890185000 	C:\Windows\SYSTEM32\ntdll.dll
0x00007ff88ee30000 - 0x00007ff88eeee000 	C:\Windows\System32\KERNEL32.DLL
0x00007ff88dcf0000 - 0x00007ff88dfb8000 	C:\Windows\System32\KERNELBASE.dll
0x00007ff88dbf0000 - 0x00007ff88dcf0000 	C:\Windows\System32\ucrtbase.dll
0x00007ff87afd0000 - 0x00007ff87afe8000 	C:\Users\Administrator\.jdks\corretto-17.0.3\bin\jli.dll
0x00007ff87afb0000 - 0x00007ff87afc5000 	C:\Users\Administrator\.jdks\corretto-17.0.3\bin\VCRUNTIME140.dll
0x00007ff88e5b0000 - 0x00007ff88e750000 	C:\Windows\System32\USER32.dll
0x00007ff88d740000 - 0x00007ff88d762000 	C:\Windows\System32\win32u.dll
0x00007ff868460000 - 0x00007ff8686fa000 	C:\Windows\WinSxS\amd64_microsoft.windows.common-controls_6595b64144ccf1df_6.0.19041.1110_none_60b5254171f9507e\COMCTL32.dll
0x00007ff88fdc0000 - 0x00007ff88fdea000 	C:\Windows\System32\GDI32.dll
0x00007ff88d870000 - 0x00007ff88d97b000 	C:\Windows\System32\gdi32full.dll
0x00007ff88fbd0000 - 0x00007ff88fc6e000 	C:\Windows\System32\msvcrt.dll
0x00007ff88dae0000 - 0x00007ff88db7d000 	C:\Windows\System32\msvcp_win.dll
0x00007ff88fd90000 - 0x00007ff88fdc0000 	C:\Windows\System32\IMM32.DLL
0x00007ff87af10000 - 0x00007ff87afab000 	C:\Users\Administrator\.jdks\corretto-17.0.3\bin\msvcp140.dll
0x00007ff857c70000 - 0x00007ff85888b000 	C:\Users\Administrator\.jdks\corretto-17.0.3\bin\server\jvm.dll
0x00007ff88fc70000 - 0x00007ff88fd1e000 	C:\Windows\System32\ADVAPI32.dll
0x00007ff88fe00000 - 0x00007ff88fe9c000 	C:\Windows\System32\sechost.dll
0x00007ff88f660000 - 0x00007ff88f785000 	C:\Windows\System32\RPCRT4.dll
0x00007ff88fd80000 - 0x00007ff88fd88000 	C:\Windows\System32\PSAPI.DLL
0x00007ff831630000 - 0x00007ff831639000 	C:\Windows\SYSTEM32\WSOCK32.dll
0x00007ff88f800000 - 0x00007ff88f86b000 	C:\Windows\System32\WS2_32.dll
0x00007ff872740000 - 0x00007ff872767000 	C:\Windows\SYSTEM32\WINMM.dll
0x00007ff87e540000 - 0x00007ff87e54a000 	C:\Windows\SYSTEM32\VERSION.dll
0x00007ff88b5f0000 - 0x00007ff88b602000 	C:\Windows\SYSTEM32\kernel.appcore.dll
0x00007ff889240000 - 0x00007ff88924a000 	C:\Users\Administrator\.jdks\corretto-17.0.3\bin\jimage.dll
0x00007ff876440000 - 0x00007ff876624000 	C:\Windows\SYSTEM32\DBGHELP.DLL
0x00007ff875ee0000 - 0x00007ff875f0c000 	C:\Windows\SYSTEM32\dbgcore.DLL
0x00007ff88d6b0000 - 0x00007ff88d732000 	C:\Windows\System32\bcryptPrimitives.dll
0x00007ff87aed0000 - 0x00007ff87aede000 	C:\Users\Administrator\.jdks\corretto-17.0.3\bin\instrument.dll
0x00007ff87aee0000 - 0x00007ff87af05000 	C:\Users\Administrator\.jdks\corretto-17.0.3\bin\java.dll

dbghelp: loaded successfully - version: 4.0.5 - missing functions: none
symbol engine: initialized successfully - sym options: 0x614 - pdb path: .;C:\Users\Administrator\.jdks\corretto-17.0.3\bin;C:\Windows\SYSTEM32;C:\Windows\WinSxS\amd64_microsoft.windows.common-controls_6595b64144ccf1df_6.0.19041.1110_none_60b5254171f9507e;C:\Users\Administrator\.jdks\corretto-17.0.3\bin\server

VM Arguments:
jvm_args: -XX:TieredStopAtLevel=1 -Xverify:none -Dspring.output.ansi.enabled=always -javaagent:C:\Program Files\JetBrains\IntelliJ IDEA 2021.2.3\lib\idea_rt.jar=54257:C:\Program Files\JetBrains\IntelliJ IDEA 2021.2.3\bin -Dcom.sun.management.jmxremote -Dspring.jmx.enabled=true -Dspring.liveBeansView.mbeanDomain -Dspring.application.admin.enabled=true -Dfile.encoding=UTF-8 
java_command: com.example.english4.English4Application
java_class_path (initial): C:\Users\Administrator\IdeaProjects\JAVAWEB17-1\ziji\xiangmu\english4\target\classes;C:\Users\Administrator\.m2\repository\org\springframework\boot\spring-boot-starter-jdbc\2.3.7.RELEASE\spring-boot-starter-jdbc-2.3.7.RELEASE.jar;C:\Users\Administrator\.m2\repository\org\springframework\boot\spring-boot-starter\2.3.7.RELEASE\spring-boot-starter-2.3.7.RELEASE.jar;C:\Users\Administrator\.m2\repository\org\springframework\boot\spring-boot-starter-logging\2.3.7.RELEASE\spring-boot-starter-logging-2.3.7.RELEASE.jar;C:\Users\Administrator\.m2\repository\ch\qos\logback\logback-classic\1.2.3\logback-classic-1.2.3.jar;C:\Users\Administrator\.m2\repository\ch\qos\logback\logback-core\1.2.3\logback-core-1.2.3.jar;C:\Users\Administrator\.m2\repository\org\apache\logging\log4j\log4j-to-slf4j\2.13.3\log4j-to-slf4j-2.13.3.jar;C:\Users\Administrator\.m2\repository\org\apache\logging\log4j\log4j-api\2.13.3\log4j-api-2.13.3.jar;C:\Users\Administrator\.m2\repository\org\slf4j\jul-to-slf4j\1.7.30\jul-to-slf4j-1.7.30.jar;C:\Users\Administrator\.m2\repository\jakarta\annotation\jakarta.annotation-api\1.3.5\jakarta.annotation-api-1.3.5.jar;C:\Users\Administrator\.m2\repository\org\yaml\snakeyaml\1.26\snakeyaml-1.26.jar;C:\Users\Administrator\.m2\repository\com\zaxxer\HikariCP\3.4.5\HikariCP-3.4.5.jar;C:\Users\Administrator\.m2\repository\org\slf4j\slf4j-api\1.7.30\slf4j-api-1.7.30.jar;C:\Users\Administrator\.m2\repository\org\springframework\spring-jdbc\5.2.12.RELEASE\spring-jdbc-5.2.12.RELEASE.jar;C:\Users\Administrator\.m2\repository\org\springframework\spring-beans\5.2.12.RELEASE\spring-beans-5.2.12.RELEASE.jar;C:\Users\Administrator\.m2\repository\org\springframework\spring-tx\5.2.12.RELEASE\spring-tx-5.2.12.RELEASE.jar;C:\Users\Administrator\.m2\repository\org\springframework\boot\spring-boot-starter-web\2.3.7.RELEASE\spring-boot-starter-web-2.3.7.RELEASE.jar;C:\Users\Administrator\.m2\repository\org\springframework\boot\spring-boot-starter-json\2.3.7.REL
Launcher Type: SUN_STANDARD

[Global flags]
     intx CICompilerCount                          = 3                                         {product} {ergonomic}
     uint ConcGCThreads                            = 2                                         {product} {ergonomic}
     uint G1ConcRefinementThreads                  = 6                                         {product} {ergonomic}
   size_t G1HeapRegionSize                         = 2097152                                   {product} {ergonomic}
    uintx GCDrainStackTargetSize                   = 64                                        {product} {ergonomic}
   size_t InitialHeapSize                          = 266338304                                 {product} {ergonomic}
     bool ManagementServer                         = true                                      {product} {command line}
   size_t MarkStackSize                            = 4194304                                   {product} {ergonomic}
   size_t MaxHeapSize                              = 4242538496                                {product} {ergonomic}
   size_t MinHeapDeltaBytes                        = 2097152                                   {product} {ergonomic}
   size_t MinHeapSize                              = 8388608                                   {product} {ergonomic}
    uintx NonProfiledCodeHeapSize                  = 0                                      {pd product} {ergonomic}
     bool ProfileInterpreter                       = false                                  {pd product} {command line}
    uintx ProfiledCodeHeapSize                     = 0                                      {pd product} {ergonomic}
   size_t SoftMaxHeapSize                          = 4242538496                             {manageable} {ergonomic}
     intx TieredStopAtLevel                        = 1                                         {product} {command line}
     bool UseCompressedClassPointers               = true                           {product lp64_product} {ergonomic}
     bool UseCompressedOops                        = true                           {product lp64_product} {ergonomic}
     bool UseG1GC                                  = true                                      {product} {ergonomic}
     bool UseLargePagesIndividualAllocation        = false                                  {pd product} {ergonomic}

Logging:
Log output configuration:
 #0: stdout all=warning uptime,level,tags
 #1: stderr all=off uptime,level,tags

Environment Variables:
JAVA_HOME=C:\Users\Administrator\.jdks\corretto-1.8.0_332
PATH=C:\Users\Administrator\.jdks\corretto-1.8.0_332\bin;C:\Windows\system32;C:\Windows;C:\Windows\System32\Wbem;C:\Windows\System32\WindowsPowerShell\v1.0\;C:\Windows\System32\OpenSSH\;C:\Program Files\OpenVPN\bin;C:\Program Files\nodejs\;C:\Program Files\Git\cmd;;C:\Program Files (x86)\Tencent\微信web开发者工具\dll;C:\Program Files\Common Files\Autodesk Shared\;C:\Users\Administrator\AppData\Local\Microsoft\WindowsApps;;C:\Users\Administrator\AppData\Local\Programs\Microsoft VS Code\bin;C:\Users\Administrator\AppData\Roaming\npm
USERNAME=Administrator
OS=Windows_NT
PROCESSOR_IDENTIFIER=Intel64 Family 6 Model 158 Stepping 10, GenuineIntel



---------------  S Y S T E M  ---------------

OS:
 Windows 10 , 64 bit Build 19041 (10.0.19041.1645)
OS uptime: 0 days 5:07 hours

CPU: total 6 (initial active 6) (6 cores per cpu, 1 threads per core) family 6 model 158 stepping 10 microcode 0xec, cx8, cmov, fxsr, mmx, 3dnowpref, sse, sse2, sse3, ssse3, sse4.1, sse4.2, popcnt, lzcnt, tsc, tscinvbit, avx, avx2, aes, erms, clmul, bmi1, bmi2, rtm, adx, fma, vzeroupper, clflush, clflushopt

Memory: 4k page, system-wide physical 16181M (2717M free)
TotalPageFile size 16181M (AvailPageFile size 241M)
current process WorkingSet (physical memory assigned to process): 10M, peak: 10M
current process commit charge ("private bytes"): 51M, peak: 305M

vm_info: OpenJDK 64-Bit Server VM (17.0.3+6-LTS) for windows-amd64 JRE (17.0.3+6-LTS), built on Apr 15 2022 22:16:02 by "Administrator" with MS VC++ 15.9 (VS2017)

END.
